
{"level":"DEBUG","time":"2021-08-24T12:56:08.816+0800","caller":"bluebell/main.go:39","msg":"logger init success..."}
{"level":"ERROR","time":"2021-08-24T12:56:35.983+0800","caller":"controller/user.go:39","msg":"logic login error","error":"用户不存在，请先注册"}
{"level":"INFO","time":"2021-08-24T12:56:35.983+0800","caller":"logger/logger.go:86","msg":"/login","status":200,"method":"POST","path":"/login","query":"","ip":"::1","user-agent":"PostmanRuntime/7.28.3","errors":"","cost":0.0106891}
{"level":"INFO","time":"2021-08-24T13:00:04.421+0800","caller":"bluebell/main.go:80","msg":"Shutdown Server ..."}
{"level":"INFO","time":"2021-08-24T13:00:04.434+0800","caller":"bluebell/main.go:89","msg":"Server exiting"}
{"level":"DEBUG","time":"2021-08-24T13:00:14.863+0800","caller":"bluebell/main.go:39","msg":"logger init success..."}
{"level":"ERROR","time":"2021-08-24T13:00:17.150+0800","caller":"controller/user.go:39","msg":"logic login error","error":"用户已存在"}
{"level":"INFO","time":"2021-08-24T13:00:17.150+0800","caller":"logger/logger.go:86","msg":"/login","status":200,"method":"POST","path":"/login","query":"","ip":"::1","user-agent":"PostmanRuntime/7.28.3","errors":"","cost":0.0103815}
{"level":"INFO","time":"2021-08-24T13:04:27.791+0800","caller":"bluebell/main.go:80","msg":"Shutdown Server ..."}
{"level":"INFO","time":"2021-08-24T13:04:27.798+0800","caller":"bluebell/main.go:89","msg":"Server exiting"}
{"level":"DEBUG","time":"2021-08-24T13:04:38.836+0800","caller":"bluebell/main.go:39","msg":"logger init success..."}
{"level":"ERROR","time":"2021-08-24T13:04:45.320+0800","caller":"controller/user.go:39","msg":"logic login error","error":"sql: Scan error on column index 0, name \"password\": unsupported Scan, storing driver.Value type []uint8 into type *models.ParamLogin"}
{"level":"INFO","time":"2021-08-24T13:04:45.320+0800","caller":"logger/logger.go:86","msg":"/login","status":200,"method":"POST","path":"/login","query":"","ip":"::1","user-agent":"PostmanRuntime/7.28.3","errors":"","cost":0.0045156}
{"level":"INFO","time":"2021-08-24T13:06:01.366+0800","caller":"bluebell/main.go:80","msg":"Shutdown Server ..."}
{"level":"INFO","time":"2021-08-24T13:06:01.376+0800","caller":"bluebell/main.go:89","msg":"Server exiting"}
{"level":"DEBUG","time":"2021-08-24T13:06:08.508+0800","caller":"bluebell/main.go:39","msg":"logger init success..."}
{"level":"ERROR","time":"2021-08-24T13:06:14.309+0800","caller":"controller/user.go:39","msg":"logic login error","error":"sql: Scan error on column index 0, name \"password\": unsupported Scan, storing driver.Value type []uint8 into type *models.User"}
{"level":"INFO","time":"2021-08-24T13:06:14.310+0800","caller":"logger/logger.go:86","msg":"/login","status":200,"method":"POST","path":"/login","query":"","ip":"::1","user-agent":"PostmanRuntime/7.28.3","errors":"","cost":0.0052753}
{"level":"INFO","time":"2021-08-24T13:06:53.977+0800","caller":"bluebell/main.go:80","msg":"Shutdown Server ..."}
{"level":"INFO","time":"2021-08-24T13:06:53.984+0800","caller":"bluebell/main.go:89","msg":"Server exiting"}
{"level":"DEBUG","time":"2021-08-24T13:07:15.070+0800","caller":"bluebell/main.go:39","msg":"logger init success..."}
{"level":"ERROR","time":"2021-08-24T13:07:26.759+0800","caller":"controller/user.go:39","msg":"logic login error","error":"sql: Scan error on column index 0, name \"password\": unsupported Scan, storing driver.Value type []uint8 into type *models.User"}
{"level":"DEBUG","time":"2021-08-24T13:07:44.907+0800","caller":"bluebell/main.go:39","msg":"logger init success..."}
{"level":"DEBUG","time":"2021-08-24T13:11:20.915+0800","caller":"bluebell/main.go:39","msg":"logger init success..."}
{"level":"ERROR","time":"2021-08-24T13:11:22.918+0800","caller":"controller/user.go:39","msg":"logic login error","error":"sql: Scan error on column index 0, name \"password\": unsupported Scan, storing driver.Value type []uint8 into type *models.User"}
{"level":"INFO","time":"2021-08-24T13:11:22.918+0800","caller":"logger/logger.go:86","msg":"/login","status":200,"method":"POST","path":"/login","query":"","ip":"::1","user-agent":"PostmanRuntime/7.28.3","errors":"","cost":0.0041786}
{"level":"INFO","time":"2021-08-24T13:14:03.412+0800","caller":"bluebell/main.go:80","msg":"Shutdown Server ..."}
{"level":"INFO","time":"2021-08-24T13:14:03.421+0800","caller":"bluebell/main.go:89","msg":"Server exiting"}
{"level":"DEBUG","time":"2021-08-24T13:14:14.404+0800","caller":"bluebell/main.go:39","msg":"logger init success..."}
{"level":"ERROR","time":"2021-08-24T13:14:21.650+0800","caller":"controller/user.go:39","msg":"logic login error","error":"用户名或密码错误"}
{"level":"INFO","time":"2021-08-24T13:14:21.651+0800","caller":"logger/logger.go:86","msg":"/login","status":200,"method":"POST","path":"/login","query":"","ip":"::1","user-agent":"PostmanRuntime/7.28.3","errors":"","cost":0.0029686}
{"level":"ERROR","time":"2021-08-24T13:14:33.401+0800","caller":"controller/user.go:39","msg":"logic login error","error":"用户名或密码错误"}
{"level":"INFO","time":"2021-08-24T13:14:33.401+0800","caller":"logger/logger.go:86","msg":"/login","status":200,"method":"POST","path":"/login","query":"","ip":"::1","user-agent":"PostmanRuntime/7.28.3","errors":"","cost":0.0020811}
{"level":"INFO","time":"2021-08-24T13:15:14.086+0800","caller":"bluebell/main.go:80","msg":"Shutdown Server ..."}
{"level":"INFO","time":"2021-08-24T13:15:14.086+0800","caller":"bluebell/main.go:89","msg":"Server exiting"}
{"level":"DEBUG","time":"2021-08-24T13:15:21.419+0800","caller":"bluebell/main.go:39","msg":"logger init success..."}
{"level":"ERROR","time":"2021-08-24T13:15:31.663+0800","caller":"controller/user.go:39","msg":"logic login error","error":"用户名或密码错误"}
{"level":"INFO","time":"2021-08-24T13:15:31.663+0800","caller":"logger/logger.go:86","msg":"/login","status":200,"method":"POST","path":"/login","query":"","ip":"::1","user-agent":"PostmanRuntime/7.28.3","errors":"","cost":0.0022183}
{"level":"INFO","time":"2021-08-24T13:16:51.443+0800","caller":"bluebell/main.go:80","msg":"Shutdown Server ..."}
{"level":"INFO","time":"2021-08-24T13:16:51.448+0800","caller":"bluebell/main.go:89","msg":"Server exiting"}
{"level":"DEBUG","time":"2021-08-24T13:16:58.554+0800","caller":"bluebell/main.go:39","msg":"logger init success..."}
{"level":"INFO","time":"2021-08-24T13:17:24.867+0800","caller":"logger/logger.go:86","msg":"/login","status":200,"method":"POST","path":"/login","query":"","ip":"::1","user-agent":"PostmanRuntime/7.28.3","errors":"","cost":0.0106107}
{"level":"ERROR","time":"2021-08-24T13:17:33.521+0800","caller":"controller/user.go:39","msg":"logic login error","error":"用户名或密码错误"}
{"level":"INFO","time":"2021-08-24T13:17:33.522+0800","caller":"logger/logger.go:86","msg":"/login","status":200,"method":"POST","path":"/login","query":"","ip":"::1","user-agent":"PostmanRuntime/7.28.3","errors":"","cost":0.0017366}
{"level":"ERROR","time":"2021-08-24T13:17:43.150+0800","caller":"controller/user.go:31","msg":"Login with invalid param","error":"invalid character '/' looking for beginning of object key string"}
{"level":"INFO","time":"2021-08-24T13:17:43.151+0800","caller":"logger/logger.go:86","msg":"/login","status":200,"method":"POST","path":"/login","query":"","ip":"::1","user-agent":"PostmanRuntime/7.28.3","errors":"","cost":0.0010028}
{"level":"ERROR","time":"2021-08-24T13:17:47.102+0800","caller":"controller/user.go:31","msg":"Login with invalid param","error":"invalid character '/' after object key:value pair"}
{"level":"INFO","time":"2021-08-24T13:17:47.103+0800","caller":"logger/logger.go:86","msg":"/login","status":200,"method":"POST","path":"/login","query":"","ip":"::1","user-agent":"PostmanRuntime/7.28.3","errors":"","cost":0.001044}
{"level":"ERROR","time":"2021-08-24T13:17:55.861+0800","caller":"controller/user.go:31","msg":"Login with invalid param","error":"Key: 'ParamLogin.Password' Error:Field validation for 'Password' failed on the 'required' tag"}
{"level":"INFO","time":"2021-08-24T13:17:55.861+0800","caller":"logger/logger.go:86","msg":"/login","status":200,"method":"POST","path":"/login","query":"","ip":"::1","user-agent":"PostmanRuntime/7.28.3","errors":"","cost":0}
{"level":"ERROR","time":"2021-08-24T13:18:07.718+0800","caller":"controller/user.go:39","msg":"logic login error","error":"用户不存在,请先注册"}
{"level":"INFO","time":"2021-08-24T13:18:07.718+0800","caller":"logger/logger.go:86","msg":"/login","status":200,"method":"POST","path":"/login","query":"","ip":"::1","user-agent":"PostmanRuntime/7.28.3","errors":"","cost":0.0010358}
{"level":"INFO","time":"2021-08-24T13:18:15.199+0800","caller":"bluebell/main.go:80","msg":"Shutdown Server ..."}
{"level":"INFO","time":"2021-08-24T13:18:15.214+0800","caller":"bluebell/main.go:89","msg":"Server exiting"}
{"level":"DEBUG","time":"2021-08-24T13:28:07.601+0800","caller":"bluebell/main.go:39","msg":"logger init success..."}
{"level":"ERROR","time":"2021-08-24T13:28:27.954+0800","caller":"controller/user.go:39","msg":"logic login error","error":"用户不存在，请先注册"}
{"level":"INFO","time":"2021-08-24T13:28:27.955+0800","caller":"logger/logger.go:86","msg":"/login","status":200,"method":"POST","path":"/login","query":"","ip":"::1","user-agent":"PostmanRuntime/7.28.3","errors":"","cost":0.0125594}
{"level":"INFO","time":"2021-08-24T14:14:03.177+0800","caller":"bluebell/main.go:80","msg":"Shutdown Server ..."}
{"level":"INFO","time":"2021-08-24T14:14:03.191+0800","caller":"bluebell/main.go:89","msg":"Server exiting"}
{"level":"DEBUG","time":"2021-08-24T14:14:26.476+0800","caller":"bluebell/main.go:39","msg":"logger init success..."}
{"level":"ERROR","time":"2021-08-24T14:14:56.859+0800","caller":"controller/user.go:40","msg":"logic login error","error":"用户名或密码错误"}
{"level":"INFO","time":"2021-08-24T14:14:56.859+0800","caller":"logger/logger.go:86","msg":"/login","status":200,"method":"POST","path":"/login","query":"","ip":"::1","user-agent":"PostmanRuntime/7.28.3","errors":"","cost":0.0022515}
{"level":"INFO","time":"2021-08-24T14:15:03.894+0800","caller":"logger/logger.go:86","msg":"/login","status":200,"method":"POST","path":"/login","query":"","ip":"::1","user-agent":"PostmanRuntime/7.28.3","errors":"","cost":0.0013302}
{"level":"ERROR","time":"2021-08-24T14:15:09.011+0800","caller":"controller/user.go:65","msg":"logic sign up error","error":"用户已存在"}
{"level":"INFO","time":"2021-08-24T14:15:09.011+0800","caller":"logger/logger.go:86","msg":"/signup","status":200,"method":"POST","path":"/signup","query":"","ip":"::1","user-agent":"PostmanRuntime/7.28.3","errors":"","cost":0.0009944}
{"level":"ERROR","time":"2021-08-24T14:15:14.027+0800","caller":"controller/user.go:57","msg":"Sign Up with invalid param","error":"Key: 'ParamSignUp.RePassword' Error:Field validation for 'RePassword' failed on the 'required' tag"}
{"level":"INFO","time":"2021-08-24T14:15:14.028+0800","caller":"logger/logger.go:86","msg":"/signup","status":200,"method":"POST","path":"/signup","query":"","ip":"::1","user-agent":"PostmanRuntime/7.28.3","errors":"","cost":0.0006709}
{"level":"ERROR","time":"2021-08-24T14:15:20.192+0800","caller":"controller/user.go:57","msg":"Sign Up with invalid param","error":"Key: 'ParamSignUp.RePassword' Error:Field validation for 'RePassword' failed on the 'eqfield' tag"}
{"level":"INFO","time":"2021-08-24T14:15:20.192+0800","caller":"logger/logger.go:86","msg":"/signup","status":200,"method":"POST","path":"/signup","query":"","ip":"::1","user-agent":"PostmanRuntime/7.28.3","errors":"","cost":0.0013845}
{"level":"ERROR","time":"2021-08-24T14:15:23.757+0800","caller":"controller/user.go:57","msg":"Sign Up with invalid param","error":"invalid character '}' looking for beginning of object key string"}
{"level":"INFO","time":"2021-08-24T14:15:23.758+0800","caller":"logger/logger.go:86","msg":"/signup","status":200,"method":"POST","path":"/signup","query":"","ip":"::1","user-agent":"PostmanRuntime/7.28.3","errors":"","cost":0.000149}
{"level":"ERROR","time":"2021-08-24T14:15:30.369+0800","caller":"controller/user.go:65","msg":"logic sign up error","error":"用户已存在"}
{"level":"INFO","time":"2021-08-24T14:15:30.369+0800","caller":"logger/logger.go:86","msg":"/signup","status":200,"method":"POST","path":"/signup","query":"","ip":"::1","user-agent":"PostmanRuntime/7.28.3","errors":"","cost":0.0013557}
{"level":"INFO","time":"2021-08-24T14:15:32.569+0800","caller":"logger/logger.go:86","msg":"/signup","status":200,"method":"POST","path":"/signup","query":"","ip":"::1","user-agent":"PostmanRuntime/7.28.3","errors":"","cost":0.0194532}
{"level":"INFO","time":"2021-08-24T21:31:18.983+0800","caller":"bluebell/main.go:80","msg":"Shutdown Server ..."}
{"level":"INFO","time":"2021-08-24T21:31:18.985+0800","caller":"bluebell/main.go:89","msg":"Server exiting"}
{"level":"DEBUG","time":"2021-08-24T21:31:29.662+0800","caller":"bluebell/main.go:39","msg":"logger init success..."}
{"level":"INFO","time":"2021-08-24T21:31:35.028+0800","caller":"logger/logger.go:86","msg":"/login","status":200,"method":"POST","path":"/login","query":"","ip":"::1","user-agent":"PostmanRuntime/7.28.3","errors":"","cost":0.0045937}
{"level":"INFO","time":"2021-08-25T00:41:51.795+0800","caller":"bluebell/main.go:80","msg":"Shutdown Server ..."}
{"level":"INFO","time":"2021-08-25T00:41:51.800+0800","caller":"bluebell/main.go:89","msg":"Server exiting"}
{"level":"DEBUG","time":"2021-08-25T12:35:33.545+0800","caller":"bluebell/main.go:39","msg":"logger init success..."}
{"level":"INFO","time":"2021-08-25T12:35:56.222+0800","caller":"logger/logger.go:86","msg":"/ping","status":200,"method":"GET","path":"/ping","query":"","ip":"::1","user-agent":"PostmanRuntime/7.28.3","errors":"","cost":0}
{"level":"INFO","time":"2021-08-25T12:36:05.930+0800","caller":"logger/logger.go:86","msg":"/ping","status":200,"method":"GET","path":"/ping","query":"","ip":"::1","user-agent":"PostmanRuntime/7.28.3","errors":"","cost":0.0001202}
{"level":"INFO","time":"2021-08-25T12:36:09.291+0800","caller":"logger/logger.go:86","msg":"/login","status":200,"method":"POST","path":"/login","query":"","ip":"::1","user-agent":"PostmanRuntime/7.28.3","errors":"","cost":0.011849}
{"level":"INFO","time":"2021-08-25T12:36:21.002+0800","caller":"logger/logger.go:86","msg":"/ping","status":400,"method":"GET","path":"/ping","query":"","ip":"::1","user-agent":"PostmanRuntime/7.28.3","errors":"","cost":0.0005214}
{"level":"INFO","time":"2021-08-25T12:36:25.781+0800","caller":"bluebell/main.go:80","msg":"Shutdown Server ..."}
{"level":"INFO","time":"2021-08-25T12:36:25.784+0800","caller":"bluebell/main.go:89","msg":"Server exiting"}
{"level":"DEBUG","time":"2021-08-25T13:08:25.699+0800","caller":"bluebell/main.go:39","msg":"logger init success..."}
{"level":"INFO","time":"2021-08-25T13:09:35.600+0800","caller":"logger/logger.go:86","msg":"/api/v1/login","status":404,"method":"POST","path":"/api/v1/login","query":"","ip":"127.0.0.1","user-agent":"Mozilla/5.0 (Windows NT 10.0; WOW64) AppleWebKit/537.36 (KHTML, like Gecko) Chrome/70.0.3538.25 Safari/537.36 Core/1.70.3875.400 QQBrowser/10.8.4492.400","errors":"","cost":0}
{"level":"INFO","time":"2021-08-25T13:10:53.732+0800","caller":"logger/logger.go:86","msg":"/api/v1/posts2","status":404,"method":"GET","path":"/api/v1/posts2","query":"page=1&order=time","ip":"127.0.0.1","user-agent":"Mozilla/5.0 (Windows NT 10.0; WOW64) AppleWebKit/537.36 (KHTML, like Gecko) Chrome/70.0.3538.25 Safari/537.36 Core/1.70.3875.400 QQBrowser/10.8.4492.400","errors":"","cost":0}
{"level":"INFO","time":"2021-08-25T13:11:01.725+0800","caller":"logger/logger.go:86","msg":"/api/v1/signup","status":404,"method":"POST","path":"/api/v1/signup","query":"","ip":"127.0.0.1","user-agent":"Mozilla/5.0 (Windows NT 10.0; WOW64) AppleWebKit/537.36 (KHTML, like Gecko) Chrome/70.0.3538.25 Safari/537.36 Core/1.70.3875.400 QQBrowser/10.8.4492.400","errors":"","cost":0}
{"level":"ERROR","time":"2021-08-25T13:14:39.609+0800","caller":"controller/user.go:57","msg":"Sign Up with invalid param","error":"Key: 'ParamSignUp.RePassword' Error:Field validation for 'RePassword' failed on the 'required' tag"}
{"level":"INFO","time":"2021-08-25T13:14:39.609+0800","caller":"logger/logger.go:86","msg":"/signup","status":200,"method":"POST","path":"/signup","query":"","ip":"127.0.0.1","user-agent":"Mozilla/5.0 (Windows NT 10.0; WOW64) AppleWebKit/537.36 (KHTML, like Gecko) Chrome/70.0.3538.25 Safari/537.36 Core/1.70.3875.400 QQBrowser/10.8.4492.400","errors":"","cost":0.0004907}
{"level":"ERROR","time":"2021-08-25T13:15:53.531+0800","caller":"controller/user.go:57","msg":"Sign Up with invalid param","error":"Key: 'ParamSignUp.RePassword' Error:Field validation for 'RePassword' failed on the 'required' tag"}
{"level":"INFO","time":"2021-08-25T13:15:53.531+0800","caller":"logger/logger.go:86","msg":"/signup","status":200,"method":"POST","path":"/signup","query":"","ip":"127.0.0.1","user-agent":"Mozilla/5.0 (Windows NT 10.0; WOW64) AppleWebKit/537.36 (KHTML, like Gecko) Chrome/70.0.3538.25 Safari/537.36 Core/1.70.3875.400 QQBrowser/10.8.4492.400","errors":"","cost":0}
{"level":"ERROR","time":"2021-08-25T13:17:43.235+0800","caller":"controller/user.go:57","msg":"Sign Up with invalid param","error":"Key: 'ParamSignUp.RePassword' Error:Field validation for 'RePassword' failed on the 'required' tag"}
{"level":"INFO","time":"2021-08-25T13:17:43.235+0800","caller":"logger/logger.go:86","msg":"/signup","status":200,"method":"POST","path":"/signup","query":"","ip":"127.0.0.1","user-agent":"Mozilla/5.0 (Windows NT 10.0; WOW64) AppleWebKit/537.36 (KHTML, like Gecko) Chrome/70.0.3538.25 Safari/537.36 Core/1.70.3875.400 QQBrowser/10.8.4492.400","errors":"","cost":0.0000329}
{"level":"INFO","time":"2021-08-25T13:18:48.085+0800","caller":"logger/logger.go:86","msg":"/login","status":200,"method":"POST","path":"/login","query":"","ip":"127.0.0.1","user-agent":"Mozilla/5.0 (Windows NT 10.0; WOW64) AppleWebKit/537.36 (KHTML, like Gecko) Chrome/70.0.3538.25 Safari/537.36 Core/1.70.3875.400 QQBrowser/10.8.4492.400","errors":"","cost":0.0020425}
{"level":"INFO","time":"2021-08-25T13:18:48.341+0800","caller":"logger/logger.go:86","msg":"/posts2","status":404,"method":"GET","path":"/posts2","query":"page=1&order=time","ip":"127.0.0.1","user-agent":"Mozilla/5.0 (Windows NT 10.0; WOW64) AppleWebKit/537.36 (KHTML, like Gecko) Chrome/70.0.3538.25 Safari/537.36 Core/1.70.3875.400 QQBrowser/10.8.4492.400","errors":"","cost":0}
{"level":"INFO","time":"2021-08-25T13:18:55.259+0800","caller":"logger/logger.go:86","msg":"/community","status":404,"method":"GET","path":"/community","query":"","ip":"127.0.0.1","user-agent":"Mozilla/5.0 (Windows NT 10.0; WOW64) AppleWebKit/537.36 (KHTML, like Gecko) Chrome/70.0.3538.25 Safari/537.36 Core/1.70.3875.400 QQBrowser/10.8.4492.400","errors":"","cost":0}
{"level":"INFO","time":"2021-08-25T13:18:57.545+0800","caller":"logger/logger.go:86","msg":"/posts2","status":404,"method":"GET","path":"/posts2","query":"page=1&order=time","ip":"127.0.0.1","user-agent":"Mozilla/5.0 (Windows NT 10.0; WOW64) AppleWebKit/537.36 (KHTML, like Gecko) Chrome/70.0.3538.25 Safari/537.36 Core/1.70.3875.400 QQBrowser/10.8.4492.400","errors":"","cost":0}
{"level":"ERROR","time":"2021-08-25T13:20:19.668+0800","caller":"controller/user.go:40","msg":"logic login error","error":"用户名或密码错误"}
{"level":"INFO","time":"2021-08-25T13:20:19.668+0800","caller":"logger/logger.go:86","msg":"/login","status":200,"method":"POST","path":"/login","query":"","ip":"127.0.0.1","user-agent":"Mozilla/5.0 (Windows NT 10.0; WOW64) AppleWebKit/537.36 (KHTML, like Gecko) Chrome/70.0.3538.25 Safari/537.36 Core/1.70.3875.400 QQBrowser/10.8.4492.400","errors":"","cost":0.0011061}
{"level":"INFO","time":"2021-08-25T13:20:25.467+0800","caller":"logger/logger.go:86","msg":"/login","status":200,"method":"POST","path":"/login","query":"","ip":"127.0.0.1","user-agent":"Mozilla/5.0 (Windows NT 10.0; WOW64) AppleWebKit/537.36 (KHTML, like Gecko) Chrome/70.0.3538.25 Safari/537.36 Core/1.70.3875.400 QQBrowser/10.8.4492.400","errors":"","cost":0.0006387}
{"level":"INFO","time":"2021-08-25T13:20:25.779+0800","caller":"logger/logger.go:86","msg":"/posts2","status":404,"method":"GET","path":"/posts2","query":"page=1&order=time","ip":"127.0.0.1","user-agent":"Mozilla/5.0 (Windows NT 10.0; WOW64) AppleWebKit/537.36 (KHTML, like Gecko) Chrome/70.0.3538.25 Safari/537.36 Core/1.70.3875.400 QQBrowser/10.8.4492.400","errors":"","cost":0}
{"level":"ERROR","time":"2021-08-25T13:21:00.915+0800","caller":"controller/user.go:57","msg":"Sign Up with invalid param","error":"Key: 'ParamSignUp.RePassword' Error:Field validation for 'RePassword' failed on the 'required' tag"}
{"level":"INFO","time":"2021-08-25T13:21:00.915+0800","caller":"logger/logger.go:86","msg":"/signup","status":200,"method":"POST","path":"/signup","query":"","ip":"127.0.0.1","user-agent":"Mozilla/5.0 (Windows NT 10.0; WOW64) AppleWebKit/537.36 (KHTML, like Gecko) Chrome/70.0.3538.25 Safari/537.36 Core/1.70.3875.400 QQBrowser/10.8.4492.400","errors":"","cost":0}
{"level":"INFO","time":"2021-08-25T13:21:18.335+0800","caller":"logger/logger.go:86","msg":"/signup","status":200,"method":"POST","path":"/signup","query":"","ip":"::1","user-agent":"PostmanRuntime/7.28.3","errors":"","cost":0.0129125}
{"level":"INFO","time":"2021-08-25T13:22:16.744+0800","caller":"logger/logger.go:86","msg":"/signup","status":200,"method":"POST","path":"/signup","query":"","ip":"127.0.0.1","user-agent":"Mozilla/5.0 (Windows NT 10.0; WOW64) AppleWebKit/537.36 (KHTML, like Gecko) Chrome/70.0.3538.25 Safari/537.36 Core/1.70.3875.400 QQBrowser/10.8.4492.400","errors":"","cost":0.0118028}
{"level":"INFO","time":"2021-08-25T13:22:54.985+0800","caller":"logger/logger.go:86","msg":"/signup","status":200,"method":"POST","path":"/signup","query":"","ip":"127.0.0.1","user-agent":"Mozilla/5.0 (Windows NT 10.0; WOW64) AppleWebKit/537.36 (KHTML, like Gecko) Chrome/70.0.3538.25 Safari/537.36 Core/1.70.3875.400 QQBrowser/10.8.4492.400","errors":"","cost":0.0116503}
{"level":"INFO","time":"2021-08-25T17:41:22.615+0800","caller":"bluebell/main.go:80","msg":"Shutdown Server ..."}
{"level":"INFO","time":"2021-08-25T17:41:22.616+0800","caller":"bluebell/main.go:89","msg":"Server exiting"}
{"level":"DEBUG","time":"2021-08-25T18:03:42.749+0800","caller":"bluebell/main.go:39","msg":"logger init success..."}
{"level":"INFO","time":"2021-08-25T18:03:47.963+0800","caller":"bluebell/main.go:80","msg":"Shutdown Server ..."}
{"level":"INFO","time":"2021-08-25T18:03:47.978+0800","caller":"bluebell/main.go:89","msg":"Server exiting"}
{"level":"DEBUG","time":"2021-08-25T18:10:24.602+0800","caller":"bluebell/main.go:39","msg":"logger init success..."}
{"level":"INFO","time":"2021-08-25T18:10:29.621+0800","caller":"bluebell/main.go:80","msg":"Shutdown Server ..."}
{"level":"INFO","time":"2021-08-25T18:10:29.632+0800","caller":"bluebell/main.go:89","msg":"Server exiting"}
{"level":"DEBUG","time":"2021-08-25T23:35:47.369+0800","caller":"bluebell/main.go:39","msg":"logger init success..."}
{"level":"ERROR","time":"2021-08-25T23:36:01.316+0800","caller":"controller/user.go:65","msg":"logic sign up error","error":"用户已存在"}
{"level":"INFO","time":"2021-08-25T23:36:01.316+0800","caller":"logger/logger.go:86","msg":"/signup","status":200,"method":"POST","path":"/signup","query":"","ip":"::1","user-agent":"PostmanRuntime/7.28.3","errors":"","cost":0.0058174}
{"level":"INFO","time":"2021-08-25T23:36:04.542+0800","caller":"logger/logger.go:86","msg":"/login","status":200,"method":"POST","path":"/login","query":"","ip":"::1","user-agent":"PostmanRuntime/7.28.3","errors":"","cost":0.0019341}
{"level":"INFO","time":"2021-08-25T23:36:06.456+0800","caller":"logger/logger.go:86","msg":"/login","status":200,"method":"POST","path":"/login","query":"","ip":"::1","user-agent":"PostmanRuntime/7.28.3","errors":"","cost":0.000959}
{"level":"INFO","time":"2021-08-25T23:36:08.245+0800","caller":"logger/logger.go:86","msg":"/login","status":200,"method":"POST","path":"/login","query":"","ip":"::1","user-agent":"PostmanRuntime/7.28.3","errors":"","cost":0.0008211}
{"level":"INFO","time":"2021-08-25T23:36:19.579+0800","caller":"bluebell/main.go:80","msg":"Shutdown Server ..."}
{"level":"INFO","time":"2021-08-25T23:36:19.585+0800","caller":"bluebell/main.go:89","msg":"Server exiting"}
{"level":"DEBUG","time":"2021-08-26T11:20:37.272+0800","caller":"bluebell/main.go:39","msg":"logger init success..."}
{"level":"INFO","time":"2021-08-26T11:21:44.575+0800","caller":"bluebell/main.go:80","msg":"Shutdown Server ..."}
{"level":"INFO","time":"2021-08-26T11:21:44.590+0800","caller":"bluebell/main.go:89","msg":"Server exiting"}
{"level":"DEBUG","time":"2021-08-26T12:09:00.461+0800","caller":"bluebell/main.go:39","msg":"logger init success..."}
{"level":"DEBUG","time":"2021-08-26T12:09:14.450+0800","caller":"bluebell/main.go:39","msg":"logger init success..."}
{"level":"DEBUG","time":"2021-08-26T12:10:23.809+0800","caller":"bluebell/main.go:39","msg":"logger init success..."}
{"level":"INFO","time":"2021-08-26T12:11:17.827+0800","caller":"logger/logger.go:86","msg":"/ping","status":400,"method":"GET","path":"/ping","query":"","ip":"::1","user-agent":"PostmanRuntime/7.28.4","errors":"","cost":0.000272}
{"level":"INFO","time":"2021-08-26T12:11:21.372+0800","caller":"logger/logger.go:86","msg":"/ping","status":400,"method":"GET","path":"/ping","query":"","ip":"::1","user-agent":"PostmanRuntime/7.28.4","errors":"","cost":0}
{"level":"INFO","time":"2021-08-26T12:11:40.335+0800","caller":"logger/logger.go:86","msg":"/login","status":200,"method":"POST","path":"/login","query":"","ip":"::1","user-agent":"PostmanRuntime/7.28.4","errors":"","cost":0.0123345}
{"level":"INFO","time":"2021-08-26T12:11:52.749+0800","caller":"logger/logger.go:86","msg":"/ping","status":400,"method":"GET","path":"/ping","query":"","ip":"::1","user-agent":"PostmanRuntime/7.28.4","errors":"","cost":0}
{"level":"DEBUG","time":"2021-08-26T12:12:03.034+0800","caller":"bluebell/main.go:39","msg":"logger init success..."}
{"level":"INFO","time":"2021-08-26T12:12:18.014+0800","caller":"logger/logger.go:86","msg":"/ping","status":400,"method":"GET","path":"/ping","query":"","ip":"::1","user-agent":"PostmanRuntime/7.28.4","errors":"","cost":0}
{"level":"DEBUG","time":"2021-08-26T12:19:57.609+0800","caller":"bluebell/main.go:39","msg":"logger init success..."}
{"level":"DEBUG","time":"2021-08-26T12:20:06.696+0800","caller":"bluebell/main.go:39","msg":"logger init success..."}
{"level":"DEBUG","time":"2021-08-26T16:34:35.672+0800","caller":"bluebell/main.go:39","msg":"logger init success..."}
{"level":"DEBUG","time":"2021-08-26T16:34:47.801+0800","caller":"bluebell/main.go:39","msg":"logger init success..."}
{"level":"INFO","time":"2021-08-26T16:34:55.690+0800","caller":"logger/logger.go:86","msg":"/ping","status":400,"method":"GET","path":"/ping","query":"","ip":"::1","user-agent":"PostmanRuntime/7.28.4","errors":"","cost":0.0001523}
{"level":"DEBUG","time":"2021-08-26T16:35:50.838+0800","caller":"bluebell/main.go:39","msg":"logger init success..."}
{"level":"DEBUG","time":"2021-08-26T16:35:50.956+0800","caller":"bluebell/main.go:39","msg":"logger init success..."}
{"level":"INFO","time":"2021-08-26T16:36:01.661+0800","caller":"logger/logger.go:86","msg":"/ping","status":400,"method":"GET","path":"/ping","query":"","ip":"::1","user-agent":"PostmanRuntime/7.28.4","errors":"","cost":0}
{"level":"INFO","time":"2021-08-26T16:36:02.490+0800","caller":"logger/logger.go:86","msg":"/ping","status":400,"method":"GET","path":"/ping","query":"","ip":"::1","user-agent":"PostmanRuntime/7.28.4","errors":"","cost":0.0008728}
{"level":"INFO","time":"2021-08-26T16:36:03.175+0800","caller":"logger/logger.go:86","msg":"/ping","status":400,"method":"GET","path":"/ping","query":"","ip":"::1","user-agent":"PostmanRuntime/7.28.4","errors":"","cost":0}
{"level":"INFO","time":"2021-08-26T16:36:04.001+0800","caller":"logger/logger.go:86","msg":"/ping","status":400,"method":"GET","path":"/ping","query":"","ip":"::1","user-agent":"PostmanRuntime/7.28.4","errors":"","cost":0}
{"level":"INFO","time":"2021-08-26T16:36:04.630+0800","caller":"logger/logger.go:86","msg":"/ping","status":400,"method":"GET","path":"/ping","query":"","ip":"::1","user-agent":"PostmanRuntime/7.28.4","errors":"","cost":0.0004044}
{"level":"INFO","time":"2021-08-26T16:36:07.068+0800","caller":"logger/logger.go:86","msg":"/ping","status":400,"method":"GET","path":"/ping","query":"","ip":"::1","user-agent":"PostmanRuntime/7.28.4","errors":"","cost":0}
{"level":"INFO","time":"2021-08-26T16:36:07.804+0800","caller":"logger/logger.go:86","msg":"/ping","status":400,"method":"GET","path":"/ping","query":"","ip":"::1","user-agent":"PostmanRuntime/7.28.4","errors":"","cost":0}
{"level":"INFO","time":"2021-08-26T16:36:19.980+0800","caller":"logger/logger.go:86","msg":"/ping","status":200,"method":"GET","path":"/ping","query":"","ip":"::1","user-agent":"Mozilla/5.0 (Windows NT 10.0; Win64; x64) AppleWebKit/537.36 (KHTML, like Gecko) Chrome/92.0.4515.159 Safari/537.36 Edg/92.0.902.78","errors":"","cost":0.0009986}
{"level":"INFO","time":"2021-08-26T16:36:21.704+0800","caller":"logger/logger.go:86","msg":"/favicon.ico","status":404,"method":"GET","path":"/favicon.ico","query":"","ip":"::1","user-agent":"Mozilla/5.0 (Windows NT 10.0; Win64; x64) AppleWebKit/537.36 (KHTML, like Gecko) Chrome/92.0.4515.159 Safari/537.36 Edg/92.0.902.78","errors":"","cost":0}
{"level":"INFO","time":"2021-08-26T16:37:10.168+0800","caller":"logger/logger.go:86","msg":"/ping","status":200,"method":"GET","path":"/ping","query":"","ip":"::1","user-agent":"Mozilla/5.0 (Windows NT 10.0; Win64; x64) AppleWebKit/537.36 (KHTML, like Gecko) Chrome/92.0.4515.159 Safari/537.36 Edg/92.0.902.78","errors":"","cost":0}
{"level":"INFO","time":"2021-08-26T16:37:13.357+0800","caller":"logger/logger.go:86","msg":"/ping","status":200,"method":"GET","path":"/ping","query":"","ip":"::1","user-agent":"Mozilla/5.0 (Windows NT 10.0; Win64; x64) AppleWebKit/537.36 (KHTML, like Gecko) Chrome/92.0.4515.159 Safari/537.36 Edg/92.0.902.78","errors":"","cost":0.0006708}
{"level":"INFO","time":"2021-08-26T16:37:35.578+0800","caller":"logger/logger.go:86","msg":"/login","status":404,"method":"GET","path":"/login","query":"","ip":"::1","user-agent":"Mozilla/5.0 (Windows NT 10.0; Win64; x64) AppleWebKit/537.36 (KHTML, like Gecko) Chrome/92.0.4515.159 Safari/537.36 Edg/92.0.902.78","errors":"","cost":0}
